7/1/2025, 5:49:13 PM PDT 0: 

----------------------------------------------
7/1/2025, 5:49:13 PM PDT 1: Discord starting: {"releaseChannel":"stable","version":"0.0.99"}, modulepath: /home/h/.config/discord/0.0.99/modules
7/1/2025, 5:49:13 PM PDT 2: ✅ webContents.created web1 "index.html"
7/1/2025, 5:49:13 PM PDT 3: ✅ window.created win1 "discord"
7/1/2025, 5:49:13 PM PDT 4: ✅ webContents.did-finish-load web1
7/1/2025, 5:49:14 PM PDT 5: window.close win1
7/1/2025, 5:49:14 PM PDT 6: webContents.destroyed web1
7/1/2025, 5:49:40 PM PDT 0: 

----------------------------------------------
7/1/2025, 5:49:40 PM PDT 1: Discord starting: {"releaseChannel":"stable","version":"0.0.99"}, modulepath: /home/h/.config/discord/0.0.99/modules
7/1/2025, 5:49:40 PM PDT 2: ✅ webContents.created web1 "index.html"
7/1/2025, 5:49:40 PM PDT 3: ✅ window.created win1 "discord"
7/1/2025, 5:49:41 PM PDT 4: ✅ webContents.did-finish-load web1
7/1/2025, 5:49:46 PM PDT 5: window.close win1
7/1/2025, 5:49:46 PM PDT 6: webContents.destroyed web1
7/1/2025, 6:49:46 PM PDT 0: 

----------------------------------------------
7/1/2025, 6:49:46 PM PDT 1: Discord starting: {"releaseChannel":"stable","version":"0.0.99"}, modulepath: /home/h/.config/discord/0.0.99/modules
7/1/2025, 6:49:46 PM PDT 2: ✅ webContents.created web1 "index.html"
7/1/2025, 6:49:46 PM PDT 3: ✅ window.created win1 "discord"
7/1/2025, 6:49:46 PM PDT 4: ✅ webContents.did-finish-load web1
7/1/2025, 6:49:53 PM PDT 5: ✅ webContents.created web2 ""
7/1/2025, 6:49:53 PM PDT 6: ✅ window.created win2 "Discord"
7/1/2025, 6:49:55 PM PDT 7: ✅ webContents.did-finish-load web2
7/1/2025, 6:49:55 PM PDT 8: window.close win1
7/1/2025, 6:49:55 PM PDT 9: webContents.destroyed web1
7/1/2025, 6:49:55 PM PDT 10: window.closed win1
7/1/2025, 11:09:20 PM PDT 11: before-quit
7/1/2025, 11:09:20 PM PDT 12: window.close win2
7/1/2025, 11:09:20 PM PDT 13: ❌ child-process-gone {
  type: 'Utility',
  reason: 'killed',
  exitCode: 15,
  serviceName: 'audio.mojom.AudioService',
  name: 'Audio Service'
}
7/1/2025, 11:09:20 PM PDT 14: ❌ child-process-gone {
  type: 'Utility',
  reason: 'killed',
  exitCode: 15,
  serviceName: 'network.mojom.NetworkService',
  name: 'Network Service'
}
7/1/2025, 11:09:21 PM PDT 15: ❌ render-process-gone { reason: 'killed', exitCode: 15 }
8/17/2025, 12:33:28 AM PDT 0: 

----------------------------------------------
8/17/2025, 12:33:28 AM PDT 1: Discord starting: {"releaseChannel":"stable","version":"0.0.99"}, modulepath: /home/h/.config/discord/0.0.99/modules
8/17/2025, 12:33:28 AM PDT 2: ✅ webContents.created web1 ""
8/17/2025, 12:33:28 AM PDT 3: ✅ window.created win1 "discord"
8/17/2025, 12:33:28 AM PDT 4: ✅ webContents.did-finish-load web1
8/17/2025, 12:33:28 AM PDT 5: ✅ webContents.created web2 ""
8/17/2025, 12:33:28 AM PDT 6: ✅ window.created win2 "Discord"
8/17/2025, 12:33:46 AM PDT 7: window.close win2
8/17/2025, 12:33:47 AM PDT 8: ✅ webContents.did-finish-load web2
8/17/2025, 12:33:47 AM PDT 9: window.close win1
8/17/2025, 12:33:47 AM PDT 10: webContents.destroyed web1
8/17/2025, 12:33:47 AM PDT 11: window.closed win1
8/17/2025, 12:34:10 AM PDT 12: Sentry report: {"contexts":{"trace":{"trace_id":"fe195e25166942db8761178a06a48bcc","span_id":"9e74c57968bad49f"},"app":{"app_name":"discord","app_version":"0.0.99","app_start_time":"2025-08-17T07:33:27.963Z"},"os":{"kernel_version":"6.15.1-arch1-2","name":"Arch Linux","version":"\"rolling\""},"browser":{"name":"Chrome"},"chrome":{"name":"Chrome","type":"runtime","version":"134.0.6998.205"},"device":{"arch":"x64","family":"Desktop","language":"en-US","screen_density":1,"screen_resolution":"2560x1440","memory_size":64921243648,"free_memory":58587320320,"processor_count":16,"cpu_description":"AMD Ryzen 7 9800X3D 8-Core Processor","processor_frequency":4692},"node":{"name":"Node","type":"runtime","version":"22.14.0"},"runtime":{"name":"Electron","version":"35.3.0"}},"environment":"stable","release":"0.0.99","user":{"ip_address":"{{auto}}","id":"337024388966645760","username":"i3b4cx","email":"henrypurdum@gmail.com"},"tags":{"event.origin":"electron","event.environment":"javascript","event.process":"browser","event_type":"javascript","nativeBuildNumber":"null"},"event_id":"4c875bf01a214ed690cc1b884a206d91","level":"error","message":"WebRequest failed: net::ERR_QUIC_PROTOCOL_ERROR","platform":"node","timestamp":1755416050.397,"sdk":{"integrations":["SentryMinidump","ElectronBreadcrumbs","Net","MainContext","ChildProcess","OnUncaughtException","PreloadInjection","AdditionalContext","Screenshots","RendererProfiling","InboundFilters","FunctionToString","LinkedErrors","RequestData","Console","Http","Undici","OnUnhandledRejection","ContextLines","LocalVariables","Modules"]},"breadcrumbs":[{"timestamp":1755416008.198,"category":"console","level":"log","message":"Discord 0.0.99"},{"timestamp":1755416008.277,"category":"electron","message":"app.will-finish-launching","type":"ui"},{"timestamp":1755416008.28,"category":"electron","message":"app.ready","type":"ui"},{"timestamp":1755416008.289,"category":"electron","message":"app.session-created","type":"ui"},{"timestamp":1755416008.289,"category":"console","level":"warning","message":"(electron) 'session.getPreloads' is deprecated and will be removed. Please use 'session.getPreloadScripts' instead."},{"timestamp":1755416008.29,"category":"console","level":"warning","message":"(electron) 'session.setPreloads' is deprecated and will be removed. Please use 'session.registerPreloadScript' instead."},{"timestamp":1755416008.29,"category":"console","level":"log","message":"Starting app."},{"timestamp":1755416008.292,"category":"console","level":"log","message":"Starting updater."},{"timestamp":1755416008.3,"category":"console","level":"log","message":"8/17/2025, 12:33:28 AM PDT [Modules] Modules initializing"},{"timestamp":1755416008.3,"category":"console","level":"log","message":"8/17/2025, 12:33:28 AM PDT [Modules] Distribution: remote"},{"timestamp":1755416008.3,"category":"console","level":"log","message":"8/17/2025, 12:33:28 AM PDT [Modules] Host updates: disabled"},{"timestamp":1755416008.3,"category":"console","level":"log","message":"8/17/2025, 12:33:28 AM PDT [Modules] Module updates: enabled"},{"timestamp":1755416008.3,"category":"console","level":"log","message":"8/17/2025, 12:33:28 AM PDT [Modules] Module install path: /home/h/.config/discord/0.0.99/modules"},{"timestamp":1755416008.3,"category":"console","level":"log","message":"8/17/2025, 12:33:28 AM PDT [Modules] Module installed file path: /home/h/.config/discord/0.0.99/modules/installed.json"},{"timestamp":1755416008.3,"category":"console","level":"log","message":"8/17/2025, 12:33:28 AM PDT [Modules] Module download path: /home/h/.config/discord/0.0.99/modules/pending"},{"timestamp":1755416008.302,"category":"console","level":"log","message":"splashScreen.initSplash(false)"},{"timestamp":1755416008.302,"category":"console","level":"log","message":"CDM component API found"},{"timestamp":1755416008.313,"category":"electron","message":"app.web-contents-created","type":"ui"},{"timestamp":1755416008.314,"category":"electron","message":"app.browser-window-created","type":"ui"},{"timestamp":1755416008.349,"category":"console","level":"log","message":"blackbox: 8/17/2025, 12:33:28 AM PDT 0 \n\n----------------------------------------------"},{"timestamp":1755416008.351,"category":"console","level":"log","message":"CDM completed with status: cdm-ready-success"},{"timestamp":1755416008.358,"category":"console","level":"log","message":"blackbox: 8/17/2025, 12:33:28 AM PDT 1 Discord starting: {\"releaseChannel\":\"stable\",\"version\":\"0.0.99\"}, modulepath: /home/h/.config/discord/0.0.99/modules"},{"timestamp":1755416008.363,"category":"console","level":"log","message":"blackbox: 8/17/2025, 12:33:28 AM PDT 2 ✅ webContents.created web1 \"\""},{"timestamp":1755416008.368,"category":"console","level":"log","message":"blackbox: 8/17/2025, 12:33:28 AM PDT 3 ✅ window.created win1 \"discord\""},{"timestamp":1755416008.434,"category":"console","level":"warning","message":"(electron) 'console-message' arguments are deprecated and will be removed. Please use Event<WebContentsConsoleMessageEventParams> object instead."},{"timestamp":1755416008.435,"category":"console","level":"log","message":"splashScreen: SPLASH_SCREEN_READY"},{"timestamp":1755416008.436,"category":"console","level":"log","message":"splashScreen.webContentsSend: SPLASH_SCREEN_QUOTE SPLASH_SCREEN_QUOTE [ 'Hold Tight — Loading Discord' ]"},{"timestamp":1755416008.436,"category":"electron","message":"window.show","type":"ui","data":{"id":1,"url":"app:///app_bootstrap/splash/index.html"}},{"timestamp":1755416008.437,"category":"console","level":"log","message":"8/17/2025, 12:33:28 AM PDT [Modules] No updates to install"},{"timestamp":1755416008.437,"category":"console","level":"log","message":"splashScreen: no-pending-updates"},{"timestamp":1755416008.437,"category":"console","level":"log","message":"8/17/2025, 12:33:28 AM PDT [Modules] Host is up to date."},{"timestamp":1755416008.437,"category":"console","level":"log","message":"8/17/2025, 12:33:28 AM PDT [Modules] Checking for module updates at https://discord.com/api/modules/stable/versions.json"},{"timestamp":1755416008.437,"category":"console","level":"log","message":"splashScreen: checking-for-updates"},{"timestamp":1755416008.437,"category":"console","level":"log","message":"splashScreen.updateSplashState checking-for-updates checking-for-updates {}"},{"timestamp":1755416008.437,"category":"console","level":"log","message":"splashScreen.webContentsSend: SPLASH_UPDATE_STATE SPLASH_UPDATE_STATE [ { status: 'checking-for-updates' } ]"},{"timestamp":1755416008.452,"category":"electron","message":"app.gpu-info-update","type":"ui"},{"timestamp":1755416008.465,"category":"electron","message":"renderer.dom-ready","type":"ui","data":{"id":1,"url":"app:///app_bootstrap/splash/index.html"}},{"timestamp":1755416008.49,"category":"console","level":"log","message":"blackbox: 8/17/2025, 12:33:28 AM PDT 4 ✅ webContents.did-finish-load web1"},{"timestamp":1755416008.586,"type":"http","category":"electron.net","data":{"url":"https://discord.com/api/modules/stable/versions.json?host_version=0.0.99&platform=linux&_=5851386","method":"GET","status_code":200}},{"timestamp":1755416008.587,"category":"console","level":"log","message":"8/17/2025, 12:33:28 AM PDT [Modules] No module updates available."},{"timestamp":1755416008.587,"category":"console","level":"log","message":"splashScreen: update-check-finished true 0 false"},{"timestamp":1755416008.587,"category":"console","level":"log","message":"splashScreen.launchMainWindow: false"},{"timestamp":1755416008.604,"category":"electron","message":"powerMonitor.newListener","type":"ui"},{"timestamp":1755416008.604,"category":"electron","message":"powerMonitor.newListener","type":"ui"},{"timestamp":1755416008.604,"category":"electron","message":"powerMonitor.newListener","type":"ui"},{"timestamp":1755416008.604,"category":"electron","message":"powerMonitor.newListener","type":"ui"},{"timestamp":1755416008.604,"category":"electron","message":"powerMonitor.newListener","type":"ui"},{"timestamp":1755416008.615,"category":"electron","message":"app.web-contents-created","type":"ui"},{"timestamp":1755416008.618,"category":"electron","message":"app.browser-window-created","type":"ui"},{"timestamp":1755416008.619,"category":"console","level":"log","message":"Optional module ./ElectronTestRpc was not included."},{"timestamp":1755416008.619,"category":"console","level":"log","message":"Clearing GPU cache..."},{"timestamp":1755416008.619,"category":"console","level":"log","message":"splashScreen.updateSplashState launching launching {}"},{"timestamp":1755416008.619,"category":"console","level":"log","message":"splashScreen.webContentsSend: SPLASH_UPDATE_STATE SPLASH_UPDATE_STATE [ { status: 'launching' } ]"},{"timestamp":1755416008.619,"category":"console","level":"log","message":"blackbox: 8/17/2025, 12:33:28 AM PDT 5 ✅ webContents.created web2 \"\""},{"timestamp":1755416008.62,"category":"console","level":"log","message":"Clearing code cache..."},{"timestamp":1755416008.625,"category":"electron","message":"window.show","type":"ui","data":{}},{"timestamp":1755416008.638,"category":"console","level":"log","message":"blackbox: 8/17/2025, 12:33:28 AM PDT 6 ✅ window.created win2 \"Discord\""},{"timestamp":1755416008.638,"category":"electron","message":"window.maximize","type":"ui","data":{}},{"timestamp":1755416008.639,"category":"electron","message":"window.focus","type":"ui","data":{}},{"timestamp":1755416008.639,"category":"electron","message":"app.browser-window-focus","type":"ui"},{"timestamp":1755416026.018,"category":"electron","message":"window.close","type":"ui","data":{"id":2,"url":"https://discordapp.com/app?_=1755416008611"}},{"timestamp":1755416026.019,"category":"electron","message":"window.hide","type":"ui","data":{"id":2,"url":"https://discordapp.com/app?_=1755416008611"}},{"timestamp":1755416026.019,"category":"console","level":"log","message":"blackbox: 8/17/2025, 12:33:46 AM PDT 7 window.close win2"},{"timestamp":1755416026.019,"category":"electron","message":"window.blur","type":"ui","data":{"id":2,"url":"https://discordapp.com/app?_=1755416008611"}},{"timestamp":1755416026.019,"category":"electron","message":"app.browser-window-blur","type":"ui"},{"timestamp":1755416026.021,"category":"electron","message":"window.focus","type":"ui","data":{"id":1,"url":"app:///app_bootstrap/splash/index.html"}},{"timestamp":1755416026.021,"category":"electron","message":"app.browser-window-focus","type":"ui"},{"timestamp":1755416027.336,"category":"electron","message":"renderer.dom-ready","type":"ui","data":{"id":2,"url":"https://discordapp.com/app?_=1755416008611"}},{"timestamp":1755416027.337,"category":"console","level":"log","message":"blackbox: 8/17/2025, 12:33:47 AM PDT 8 ✅ webContents.did-finish-load web2"},{"timestamp":1755416027.498,"category":"console","data":{"arguments":["Initializing voice engine with audio subsystem: standard"],"logger":"console"},"level":"log","message":"Initializing voice engine with audio subsystem: standard"},{"timestamp":1755416027.65,"category":"console","level":"log","message":"legacyModuleUpdater: installed-module discord_krisp 1 1 true"},{"timestamp":1755416027.652,"category":"console","level":"log","message":"legacyModuleUpdater: installed-module discord_game_utils 1 1 true"},{"timestamp":1755416027.821,"category":"console","level":"log","message":"mainScreen.UpdaterEvents: UPDATER_HISTORY_QUERY_AND_TRUNCATE"},{"timestamp":1755416027.821,"category":"console","level":"log","message":"ipcMain.on(IPCEvents.APP_ASYNC_INDEX_TSX_LOADED) false false"},{"timestamp":1755416027.822,"category":"console","level":"log","message":"splashScreen.pageReady"},{"timestamp":1755416027.822,"category":"electron","message":"window.show","type":"ui","data":{"id":2,"url":"https://discordapp.com/app?_=1755416008611"}},{"timestamp":1755416027.823,"category":"electron","message":"window.focus","type":"ui","data":{"id":2,"url":"https://discordapp.com/app?_=1755416008611"}},{"timestamp":1755416027.823,"category":"electron","message":"app.browser-window-focus","type":"ui"},{"timestamp":1755416027.825,"category":"electron","message":"window.blur","type":"ui","data":{"id":1,"url":"app:///app_bootstrap/splash/index.html"}},{"timestamp":1755416027.826,"category":"electron","message":"app.browser-window-blur","type":"ui"},{"timestamp":1755416027.832,"category":"console","level":"log","message":"mainScreen.UpdaterEvents: UPDATER_HISTORY_QUERY_AND_TRUNCATE"},{"timestamp":1755416027.922,"category":"electron","message":"window.hide","type":"ui","data":{"id":1,"url":"app:///app_bootstrap/splash/index.html"}},{"timestamp":1755416027.922,"category":"electron","message":"window.close","type":"ui","data":{"id":1,"url":"app:///app_bootstrap/splash/index.html"}},{"timestamp":1755416027.922,"category":"console","level":"log","message":"blackbox: 8/17/2025, 12:33:47 AM PDT 9 window.close win1"},{"timestamp":1755416027.923,"category":"electron","message":"renderer.destroyed","type":"ui","data":{"id":1,"url":"app:///app_bootstrap/splash/index.html"}},{"timestamp":1755416027.929,"category":"electron","message":"window.closed","type":"ui","data":{"id":1,"url":"app:///app_bootstrap/splash/index.html"}},{"timestamp":1755416027.935,"category":"console","level":"log","message":"blackbox: 8/17/2025, 12:33:47 AM PDT 10 webContents.destroyed web1"},{"timestamp":1755416027.94,"category":"console","level":"log","message":"blackbox: 8/17/2025, 12:33:47 AM PDT 11 window.closed win1"},{"timestamp":1755416028.279,"category":"console","level":"log","message":"mainScreen.UpdaterEvents: UPDATER_HISTORY_QUERY_AND_TRUNCATE"},{"timestamp":1755416028.549,"category":"console","level":"log","message":"legacyModuleUpdater: installed-module discord_rpc 1 1 true"},{"timestamp":1755416028.558,"category":"console","level":"log","message":"mainScreen.UpdaterEvents: UPDATER_HISTORY_QUERY_AND_TRUNCATE"},{"timestamp":1755416033.044,"category":"console","level":"log","message":"mainScreen.UpdaterEvents: CHECK_FOR_UPDATES UPDATE_NOT_AVAILABLE"},{"timestamp":1755416033.044,"category":"console","level":"log","message":"8/17/2025, 12:33:53 AM PDT [Modules] Host is up to date."},{"timestamp":1755416033.044,"category":"console","level":"log","message":"8/17/2025, 12:33:53 AM PDT [Modules] Checking for module updates at https://discord.com/api/modules/stable/versions.json"},{"timestamp":1755416033.046,"type":"http","category":"electron.net","data":{"url":"https://discord.com/api/modules/stable/versions.json?host_version=0.0.99&platform=linux&_=5851386","method":"GET","status_code":200}},{"timestamp":1755416033.046,"category":"console","level":"log","message":"8/17/2025, 12:33:53 AM PDT [Modules] No module updates available."},{"timestamp":1755416033.046,"category":"console","level":"log","message":"legacyModuleUpdater: update-check-finished"},{"timestamp":1755416033.793,"category":"ui.click","message":"div.wrapper_cc5dd2 > svg > foreignobject > div.wrapper__6e9f8.selected__6e9f8"},{"timestamp":1755416050.396,"category":"console","level":"error","message":"WebRequest failed (net::ERR_QUIC_PROTOCOL_ERROR): 'PATCH https://discordapp.com/api/v9/users/@me/settings-proto/2'"}],"sdkProcessingMetadata":{"dynamicSamplingContext":{"environment":"stable","release":"0.0.99","public_key":"d2558f321dfc7ab68366d8258fd256c7","trace_id":"fe195e25166942db8761178a06a48bcc"}},"modules":{"mkdirp":"1.0.4","yauzl":"2.10.0","fd-slicer":"1.1.0","pend":"1.2.0","buffer-crc32":"0.2.13","rimraf":"2.7.1","glob":"7.2.3","fs.realpath":"1.0.0","minimatch":"3.1.2","brace-expansion":"1.1.11","concat-map":"0.0.1","balanced-match":"1.0.2","inherits":"2.0.4","path-is-absolute":"1.0.1","inflight":"1.0.6","wrappy":"1.0.2","once":"1.4.0","request":"2.88.0","extend":"3.0.2","tough-cookie":"2.4.3","psl":"1.15.0","json-stringify-safe":"5.0.1","safe-buffer":"5.2.1","aws-sign2":"0.7.0","aws4":"1.13.2","http-signature":"1.2.0","assert-plus":"1.0.0","sshpk":"1.18.0","safer-buffer":"2.1.2","asn1":"0.2.6","ecc-jsbn":"0.1.2","jsbn":"0.1.1","tweetnacl":"0.14.5","jsprim":"1.4.2","extsprintf":"1.3.0","verror":"1.10.0","core-util-is":"1.0.2","json-schema":"0.4.0","mime-types":"2.1.35","mime-db":"1.52.0","caseless":"0.12.0","forever-agent":"0.6.1","form-data":"2.3.3","combined-stream":"1.0.8","delayed-stream":"1.0.0","asynckit":"0.4.0","isstream":"0.1.2","is-typedarray":"1.0.0","qs":"6.5.3","har-validator":"5.1.5","ajv":"6.12.6","uri-js":"4.4.1","fast-deep-equal":"3.1.3","json-schema-traverse":"0.4.1","fast-json-stable-stringify":"2.1.0","har-schema":"2.0.0","uuid":"3.4.0","oauth-sign":"0.9.0","tunnel-agent":"0.6.0","performance-now":"2.1.0","arch":"2.2.0","tslib":"2.8.1","localforage":"1.10.0","deepmerge":"4.3.0","electron-log":"5.2.0"},"extra":{"release_channel":"stable","sentry":{"environment":"stable","release":"0.0.99","user":{"id":"337024388966645760","username":"i3b4cx","email":"henrypurdum@gmail.com"}},"wm":"unknown,unknown","distro":"\"Arch Linux\"","nativeBuildNumber":"null","user_id":"337024388966645760","username":"i3b4cx","email":"henrypurdum@gmail.com"}}
8/17/2025, 12:39:57 AM PDT 13: window.close win2
8/17/2025, 1:04:13 AM PDT 0: 

----------------------------------------------
8/17/2025, 1:04:35 AM PDT 14: before-quit
8/17/2025, 1:04:35 AM PDT 15: window.close win2
8/17/2025, 1:04:35 AM PDT 16: ❌ child-process-gone {
  type: 'Utility',
  reason: 'killed',
  exitCode: 15,
  serviceName: 'audio.mojom.AudioService',
  name: 'Audio Service'
}
8/17/2025, 1:04:35 AM PDT 17: ❌ child-process-gone {
  type: 'Utility',
  reason: 'killed',
  exitCode: 15,
  serviceName: 'network.mojom.NetworkService',
  name: 'Network Service'
}
8/17/2025, 1:04:35 AM PDT 18: ❌ render-process-gone { reason: 'killed', exitCode: 15 }
